빌드 시작: 2014-09-16 오후 5:53:17
     1>2 노드의 "C:\Users\thtjdhdj\Desktop\BattleShip\BattleShip_sh\BattleShip_PP\BattleShip_PP.vcxproj" 프로젝트(Build 대상)입니다.
     1>ClCompile:
         C:\Program Files (x86)\Microsoft Visual Studio 11.0\VC\bin\CL.exe /c /Zi /nologo /W3 /WX- /sdl /O2 /Oi /Oy- /GL /D WIN32 /D NDEBUG /D _CONSOLE /D _LIB /D _UNICODE /D UNICODE /Gm- /EHsc /MD /GS /Gy /fp:precise /Zc:wchar_t /Zc:forScope /Yu"stdafx.h" /Fp"Release\BattleShip_PP.pch" /Fo"Release\\" /Fd"Release\vc110.pdb" /Gd /TP /analyze- /errorReport:prompt Rule.cpp
         Rule.cpp
     1>Rule.cpp(106): warning C4101: 'y' :참조되지 않은 지역 변수입니다.
     1>Rule.cpp(106): warning C4101: 'x' :참조되지 않은 지역 변수입니다.
       Link:
         C:\Program Files (x86)\Microsoft Visual Studio 11.0\VC\bin\link.exe /ERRORREPORT:PROMPT /OUT:"C:\Users\thtjdhdj\Desktop\BattleShip\BattleShip_sh\Release\BattleShip_PP.exe" /INCREMENTAL:NO /NOLOGO kernel32.lib user32.lib gdi32.lib winspool.lib comdlg32.lib advapi32.lib shell32.lib ole32.lib oleaut32.lib uuid.lib odbc32.lib odbccp32.lib /MANIFEST /MANIFESTUAC:"level='asInvoker' uiAccess='false'" /manifest:embed /DEBUG /PDB:"C:\Users\thtjdhdj\Desktop\BattleShip\BattleShip_sh\Release\BattleShip_PP.pdb" /SUBSYSTEM:CONSOLE /OPT:REF /OPT:ICF /LTCG /TLBID:1 /DYNAMICBASE /NXCOMPAT /IMPLIB:"C:\Users\thtjdhdj\Desktop\BattleShip\BattleShip_sh\Release\BattleShip_PP.lib" /MACHINE:X86 /SAFESEH Release\Aircraft.obj
         Release\BattleShip.obj
         Release\Enums.obj
         Release\Main.obj
         Release\Cruiser.obj
         Release\Destroyer.obj
         Release\Map.obj
         Release\Math.obj
         Release\Player.obj
         Release\Rule.obj
         Release\Ship.obj
         Release\stdafx.obj
         코드를 생성하고 있습니다.
         코드를 생성했습니다.
     1>BGNL.lib(Network.obj) : warning LNK4099: 'vc120.pdb' PDB를 'BGNL.lib(Network.obj)' 또는 'C:\Users\thtjdhdj\Desktop\BattleShip\BattleShip_sh\Release\vc120.pdb'에서 찾을 수 없습니다. 디버그 정보가 없는 것처럼 개체를 링크합니다.
     1>BGNL.lib(ShipData.obj) : warning LNK4099: 'vc120.pdb' PDB를 'BGNL.lib(ShipData.obj)' 또는 'C:\Users\thtjdhdj\Desktop\BattleShip\BattleShip_sh\Release\vc120.pdb'에서 찾을 수 없습니다. 디버그 정보가 없는 것처럼 개체를 링크합니다.
         BattleShip_PP.vcxproj -> C:\Users\thtjdhdj\Desktop\BattleShip\BattleShip_sh\Release\BattleShip_PP.exe
     1>"C:\Users\thtjdhdj\Desktop\BattleShip\BattleShip_sh\BattleShip_PP\BattleShip_PP.vcxproj" 프로젝트를 빌드했습니다(Build 대상).

빌드했습니다.

경과 시간: 00:00:01.53
