빌드 시작: 2014-09-17 오후 6:25:01
     1>2 노드의 "C:\Users\thtjdhdj\Desktop\BattleShip\BattleShip_sh\BattleShip_PP\BattleShip_PP.vcxproj" 프로젝트(Build 대상)입니다.
     1>ClCompile:
         C:\Program Files (x86)\Microsoft Visual Studio 11.0\VC\bin\CL.exe /c /ZI /nologo /W3 /WX- /sdl /Od /Oy- /D WIN32 /D _DEBUG /D _CONSOLE /D _LIB /D _UNICODE /D UNICODE /Gm /EHsc /RTC1 /MDd /GS /fp:precise /Zc:wchar_t /Zc:forScope /Yc"stdafx.h" /Fp"Debug\BattleShip_PP.pch" /Fo"Debug\\" /Fd"Debug\vc110.pdb" /Gd /TP /analyze- /errorReport:prompt stdafx.cpp
         stdafx.cpp
         C:\Program Files (x86)\Microsoft Visual Studio 11.0\VC\bin\CL.exe /c /ZI /nologo /W3 /WX- /sdl /Od /Oy- /D WIN32 /D _DEBUG /D _CONSOLE /D _LIB /D _UNICODE /D UNICODE /Gm /EHsc /RTC1 /MDd /GS /fp:precise /Zc:wchar_t /Zc:forScope /Yu"stdafx.h" /Fp"Debug\BattleShip_PP.pch" /Fo"Debug\\" /Fd"Debug\vc110.pdb" /Gd /TP /analyze- /errorReport:prompt Aircraft.cpp BattleShip.cpp Cruiser.cpp Destroyer.cpp Enums.cpp Main.cpp Map.cpp Math.cpp Player.cpp Rule.cpp Ship.cpp
         Ship.cpp
         Rule.cpp
     1>c:\users\thtjdhdj\desktop\battleship\battleship_sh\battleship_pp\rule.cpp(365): warning C4101: 'y' :참조되지 않은 지역 변수입니다.
     1>c:\users\thtjdhdj\desktop\battleship\battleship_sh\battleship_pp\rule.cpp(365): warning C4101: 'x' :참조되지 않은 지역 변수입니다.
         Player.cpp
         Math.cpp
         Map.cpp
         Main.cpp
     1>c:\users\thtjdhdj\desktop\battleship\battleship_sh\battleship_pp\main.cpp(4): warning C4627: '#include <Windows.h>': 미리 컴파일된 헤더 사용을 찾을 때 건너뛰었습니다.
                 'stdafx.h'에 지시문 추가 또는 미리 컴파일된 헤더 다시 빌드
         Enums.cpp
         Destroyer.cpp
         Cruiser.cpp
         BattleShip.cpp
         Aircraft.cpp
         코드를 생성하고 있습니다...
       Link:
         C:\Program Files (x86)\Microsoft Visual Studio 11.0\VC\bin\link.exe /ERRORREPORT:PROMPT /OUT:"C:\Users\thtjdhdj\Desktop\BattleShip\BattleShip_sh\Debug\BattleShip_PP.exe" /INCREMENTAL /NOLOGO kernel32.lib user32.lib gdi32.lib winspool.lib comdlg32.lib advapi32.lib shell32.lib ole32.lib oleaut32.lib uuid.lib odbc32.lib odbccp32.lib /MANIFEST /MANIFESTUAC:"level='asInvoker' uiAccess='false'" /manifest:embed /DEBUG /PDB:"C:\Users\thtjdhdj\Desktop\BattleShip\BattleShip_sh\Debug\BattleShip_PP.pdb" /SUBSYSTEM:CONSOLE /TLBID:1 /DYNAMICBASE /NXCOMPAT /IMPLIB:"C:\Users\thtjdhdj\Desktop\BattleShip\BattleShip_sh\Debug\BattleShip_PP.lib" /MACHINE:X86 Debug\Aircraft.obj
         Debug\BattleShip.obj
         Debug\Enums.obj
         Debug\Main.obj
         Debug\Cruiser.obj
         Debug\Destroyer.obj
         Debug\Map.obj
         Debug\Math.obj
         Debug\Player.obj
         Debug\Rule.obj
         Debug\Ship.obj
         Debug\stdafx.obj
         BattleShip_PP.vcxproj -> C:\Users\thtjdhdj\Desktop\BattleShip\BattleShip_sh\Debug\BattleShip_PP.exe
     1>"C:\Users\thtjdhdj\Desktop\BattleShip\BattleShip_sh\BattleShip_PP\BattleShip_PP.vcxproj" 프로젝트를 빌드했습니다(Build 대상).

빌드했습니다.

경과 시간: 00:00:10.42
