C:\USERS\THTJDHDJ\DESKTOP\BATTLESHIP\BATTLESHIP_SH\BATTLESHIP_PP\DEBUG\BATTLESHIP_PP.PCH
C:\USERS\THTJDHDJ\DESKTOP\BATTLESHIP\BATTLESHIP_SH\BATTLESHIP_PP\DEBUG\STDAFX.OBJ
C:\USERS\THTJDHDJ\DESKTOP\BATTLESHIP\BATTLESHIP_SH\BATTLESHIP_PP\DEBUG\VC110.PDB
C:\USERS\THTJDHDJ\DESKTOP\BATTLESHIP\BATTLESHIP_SH\BATTLESHIP_PP\DEBUG\AIRCRAFT.OBJ
C:\USERS\THTJDHDJ\DESKTOP\BATTLESHIP\BATTLESHIP_SH\BATTLESHIP_PP\DEBUG\BATTLESHIP.OBJ
C:\USERS\THTJDHDJ\DESKTOP\BATTLESHIP\BATTLESHIP_SH\BATTLESHIP_PP\DEBUG\ENUMS.OBJ
C:\USERS\THTJDHDJ\DESKTOP\BATTLESHIP\BATTLESHIP_SH\BATTLESHIP_PP\DEBUG\MAIN.OBJ
C:\USERS\THTJDHDJ\DESKTOP\BATTLESHIP\BATTLESHIP_SH\BATTLESHIP_PP\DEBUG\CRUISER.OBJ
C:\USERS\THTJDHDJ\DESKTOP\BATTLESHIP\BATTLESHIP_SH\BATTLESHIP_PP\DEBUG\DESTROYER.OBJ
C:\USERS\THTJDHDJ\DESKTOP\BATTLESHIP\BATTLESHIP_SH\BATTLESHIP_PP\DEBUG\MAP.OBJ
C:\USERS\THTJDHDJ\DESKTOP\BATTLESHIP\BATTLESHIP_SH\BATTLESHIP_PP\DEBUG\MATH.OBJ
C:\USERS\THTJDHDJ\DESKTOP\BATTLESHIP\BATTLESHIP_SH\BATTLESHIP_PP\DEBUG\PLAYER.OBJ
C:\USERS\THTJDHDJ\DESKTOP\BATTLESHIP\BATTLESHIP_SH\BATTLESHIP_PP\DEBUG\RULE.OBJ
C:\USERS\THTJDHDJ\DESKTOP\BATTLESHIP\BATTLESHIP_SH\BATTLESHIP_PP\DEBUG\SHIP.OBJ
C:\USERS\THTJDHDJ\DESKTOP\BATTLESHIP\BATTLESHIP_SH\DEBUG\BATTLESHIP_PP.ILK
C:\USERS\THTJDHDJ\DESKTOP\BATTLESHIP\BATTLESHIP_SH\DEBUG\BATTLESHIP_PP.EXE
C:\USERS\THTJDHDJ\DESKTOP\BATTLESHIP\BATTLESHIP_SH\DEBUG\BATTLESHIP_PP.PDB
C:\Users\thtjdhdj\Desktop\BattleShip\BattleShip_sh\BattleShip_PP\Debug\Aircraft.obj
C:\Users\thtjdhdj\Desktop\BattleShip\BattleShip_sh\BattleShip_PP\Debug\BattleShip.obj
C:\Users\thtjdhdj\Desktop\BattleShip\BattleShip_sh\BattleShip_PP\Debug\Cruiser.obj
C:\Users\thtjdhdj\Desktop\BattleShip\BattleShip_sh\BattleShip_PP\Debug\Destroyer.obj
C:\Users\thtjdhdj\Desktop\BattleShip\BattleShip_sh\BattleShip_PP\Debug\Enums.obj
C:\Users\thtjdhdj\Desktop\BattleShip\BattleShip_sh\BattleShip_PP\Debug\Main.obj
C:\Users\thtjdhdj\Desktop\BattleShip\BattleShip_sh\BattleShip_PP\Debug\Map.obj
C:\Users\thtjdhdj\Desktop\BattleShip\BattleShip_sh\BattleShip_PP\Debug\Math.obj
C:\Users\thtjdhdj\Desktop\BattleShip\BattleShip_sh\BattleShip_PP\Debug\Player.obj
C:\Users\thtjdhdj\Desktop\BattleShip\BattleShip_sh\BattleShip_PP\Debug\Rule.obj
C:\Users\thtjdhdj\Desktop\BattleShip\BattleShip_sh\BattleShip_PP\Debug\Ship.obj
C:\Users\thtjdhdj\Desktop\BattleShip\BattleShip_sh\BattleShip_PP\Debug\stdafx.obj
C:\Users\thtjdhdj\Desktop\BattleShip\BattleShip_sh\BattleShip_PP\Debug\cl.command.1.tlog
C:\Users\thtjdhdj\Desktop\BattleShip\BattleShip_sh\BattleShip_PP\Debug\CL.read.1.tlog
C:\Users\thtjdhdj\Desktop\BattleShip\BattleShip_sh\BattleShip_PP\Debug\CL.write.1.tlog
C:\Users\thtjdhdj\Desktop\BattleShip\BattleShip_sh\BattleShip_PP\Debug\link-cvtres.read.1.tlog
C:\Users\thtjdhdj\Desktop\BattleShip\BattleShip_sh\BattleShip_PP\Debug\link-cvtres.write.1.tlog
C:\Users\thtjdhdj\Desktop\BattleShip\BattleShip_sh\BattleShip_PP\Debug\link-rc.read.1.tlog
C:\Users\thtjdhdj\Desktop\BattleShip\BattleShip_sh\BattleShip_PP\Debug\link-rc.write.1.tlog
C:\Users\thtjdhdj\Desktop\BattleShip\BattleShip_sh\BattleShip_PP\Debug\link.command.1.tlog
C:\Users\thtjdhdj\Desktop\BattleShip\BattleShip_sh\BattleShip_PP\Debug\link.read.1.tlog
C:\Users\thtjdhdj\Desktop\BattleShip\BattleShip_sh\BattleShip_PP\Debug\link.write.1.tlog
C:\Users\thtjdhdj\Desktop\BattleShip\BattleShip_sh\BattleShip_PP\Debug\BattleShip_PP.pch
C:\Users\thtjdhdj\Desktop\BattleShip\BattleShip_sh\BattleShip_PP\Debug\vc110.idb
C:\Users\thtjdhdj\Desktop\BattleShip\BattleShip_sh\BattleShip_PP\Debug\vc110.pdb
C:\Users\thtjdhdj\Desktop\BattleShip\BattleShip_sh\Debug\BattleShip_PP.pdb
C:\Users\thtjdhdj\Desktop\BattleShip\BattleShip_sh\Debug\BattleShip_PP.exe
C:\Users\thtjdhdj\Desktop\BattleShip\BattleShip_sh\Debug\BattleShip_PP.ilk
